commit 157d728f98a889497345cd3abf12d38cfb718d72
Author: ch1ch0gz <ch1ch0gz@gmail.com>
Date:   Mon Jun 1 11:22:01 2020 +0100

    added *csv to gitignore

commit e42caa50c0492a5c8232df82b8766abf811a81c2
Author: ch1ch0gz <ch1ch0gz@gmail.com>
Date:   Mon Jun 1 11:20:56 2020 +0100

    added csv to gitignore

commit a3a49ce7c19f94521b7245bb88d54a943d92abce
Author: ch1ch0gz <ch1ch0gz@gmail.com>
Date:   Mon Jun 1 11:14:55 2020 +0100

    added gitignore

commit 78f18fb63dfc4fc1d49a5cd93399faa58407aaba
Author: ch1ch0gz <ch1ch0gz@gmail.com>
Date:   Fri May 29 16:23:43 2020 +0100

    added two files

commit a61bd754fa3b61bafeb96ac84730df80e228d225
Author: ch1ch0gz <ch1ch0gz@gmail.com>
Date:   Fri May 29 16:18:45 2020 +0100

    added readme.txt
